============================= test session starts =============================
platform win32 -- Python 3.13.5, pytest-9.0.2, pluggy-1.6.0 -- C:\Users\milos\AppData\Local\Programs\Python\Python313\python.exe
cachedir: .pytest_cache
benchmark: 4.0.0 (defaults: timer=time.perf_counter disable_gc=False min_rounds=5 min_time=0.000005 max_time=1.0 calibration_precision=10 warmup=False warmup_iterations=100000)
rootdir: C:\Users\milos\forge3d-web
configfile: pytest.ini
plugins: anyio-4.12.1, asyncio-1.3.0, benchmark-4.0.0, cov-5.0.0, httpx-0.36.0, timeout-2.4.0
asyncio: mode=Mode.STRICT, debug=False, asyncio_default_fixture_loop_scope=None, asyncio_default_test_loop_scope=function
collecting ... collected 232 items

tests/test_install_smoke.py::test_load_project_urls_falls_back_without_tomllib PASSED [  0%]
tests/test_install_smoke.py::test_python_version_floor PASSED            [  0%]
tests/test_install_smoke.py::test_import_forge3d PASSED                  [  1%]
tests/test_install_smoke.py::test_public_api_surface PASSED              [  1%]
tests/test_install_smoke.py::test_fetch_dataset_alias_matches_datasets_module PASSED [  2%]
tests/test_install_smoke.py::test_version_consistency PASSED             [  2%]
tests/test_install_smoke.py::test_enumerate_adapters_smoke PASSED        [  3%]
tests/test_install_smoke.py::test_legacy_render_api_removed PASSED       [  3%]
tests/test_install_smoke.py::test_installed_project_urls_match_public_metadata PASSED [  3%]
tests/test_install_smoke.py::test_installs_interactive_viewer_console_script PASSED [  4%]
tests/test_install_smoke.py::test_installs_forge3d_viewer_console_script PASSED [  4%]
tests/test_api_contracts.py::TestNativeModuleSymbols::test_registered_class_exists[Scene] PASSED [  5%]
tests/test_api_contracts.py::TestNativeModuleSymbols::test_registered_class_exists[Session] PASSED [  5%]
tests/test_api_contracts.py::TestNativeModuleSymbols::test_registered_class_exists[Colormap1D] PASSED [  6%]
tests/test_api_contracts.py::TestNativeModuleSymbols::test_registered_class_exists[MaterialSet] PASSED [  6%]
tests/test_api_contracts.py::TestNativeModuleSymbols::test_registered_class_exists[IBL] PASSED [  6%]
tests/test_api_contracts.py::TestNativeModuleSymbols::test_registered_class_exists[OverlayLayer] PASSED [  7%]
tests/test_api_contracts.py::TestNativeModuleSymbols::test_registered_class_exists[TerrainRenderParams] PASSED [  7%]
tests/test_api_contracts.py::TestNativeModuleSymbols::test_registered_class_exists[TerrainRenderer] PASSED [  8%]
tests/test_api_contracts.py::TestNativeModuleSymbols::test_registered_class_exists[AovFrame] PASSED [  8%]
tests/test_api_contracts.py::TestNativeModuleSymbols::test_registered_class_exists[HdrFrame] PASSED [  9%]
tests/test_api_contracts.py::TestNativeModuleSymbols::test_registered_class_exists[OfflineBatchResult] PASSED [  9%]
tests/test_api_contracts.py::TestNativeModuleSymbols::test_registered_class_exists[OfflineMetrics] PASSED [  9%]
tests/test_api_contracts.py::TestNativeModuleSymbols::test_registered_class_exists[CameraKeyframe] PASSED [ 10%]
tests/test_api_contracts.py::TestNativeModuleSymbols::test_registered_class_exists[CameraAnimation] PASSED [ 10%]
tests/test_api_contracts.py::TestNativeModuleSymbols::test_registered_class_exists[CameraState] PASSED [ 11%]
tests/test_api_contracts.py::TestNativeModuleSymbols::test_registered_class_exists[ClipmapConfig] PASSED [ 11%]
tests/test_api_contracts.py::TestNativeModuleSymbols::test_registered_class_exists[ClipmapMesh] PASSED [ 12%]
tests/test_api_contracts.py::TestNativeModuleSymbols::test_registered_class_exists[SunPosition] PASSED [ 12%]
tests/test_api_contracts.py::TestNativeModuleSymbols::test_registered_class_exists[Frame] PASSED [ 12%]
tests/test_api_contracts.py::TestNativeModuleSymbols::test_registered_class_exists[SdfPrimitive] PASSED [ 13%]
tests/test_api_contracts.py::TestNativeModuleSymbols::test_registered_class_exists[SdfScene] PASSED [ 13%]
tests/test_api_contracts.py::TestNativeModuleSymbols::test_registered_class_exists[SdfSceneBuilder] PASSED [ 14%]
tests/test_api_contracts.py::TestNativeModuleSymbols::test_registered_function_exists[open_viewer] PASSED [ 14%]
tests/test_api_contracts.py::TestNativeModuleSymbols::test_registered_function_exists[open_terrain_viewer] PASSED [ 15%]
tests/test_api_contracts.py::TestNativeModuleSymbols::test_registered_function_exists[enumerate_adapters] PASSED [ 15%]
tests/test_api_contracts.py::TestNativeModuleSymbols::test_registered_function_exists[device_probe] PASSED [ 15%]
tests/test_api_contracts.py::TestNativeModuleSymbols::test_registered_function_exists[sun_position] PASSED [ 16%]
tests/test_api_contracts.py::TestNativeModuleSymbols::test_registered_function_exists[sun_position_utc] PASSED [ 16%]
tests/test_api_contracts.py::TestNativeModuleSymbols::test_registered_function_exists[clipmap_generate_py] PASSED [ 17%]
tests/test_api_contracts.py::TestNativeModuleSymbols::test_registered_function_exists[engine_info] PASSED [ 17%]
tests/test_api_contracts.py::TestNativeModuleSymbols::test_registered_function_exists[hybrid_render] PASSED [ 18%]
tests/test_api_contracts.py::TestNativeModuleSymbols::test_registered_function_exists[configure_csm] PASSED [ 18%]
tests/test_api_contracts.py::TestNativeModuleSymbols::test_registered_function_exists[global_memory_metrics] PASSED [ 18%]
tests/test_api_contracts.py::TestNativeModuleSymbols::test_registered_function_exists[verify_license_signature] PASSED [ 19%]
tests/test_api_contracts.py::TestNativeModuleSymbols::test_registered_function_exists[license_public_key_hex] PASSED [ 19%]
tests/test_api_contracts.py::TestNativeModuleSymbols::test_registered_function_exists[run_interactive_viewer_cli] PASSED [ 20%]
tests/test_api_contracts.py::TestNativeModuleSymbols::test_registered_function_exists[mesh_generate_cube_tbn] PASSED [ 20%]
tests/test_api_contracts.py::TestNativeModuleSymbols::test_registered_function_exists[mesh_generate_plane_tbn] PASSED [ 21%]
tests/test_api_contracts.py::TestSceneMethodContracts::test_render_rgba_is_instance_method PASSED [ 21%]
tests/test_api_contracts.py::TestSceneMethodContracts::test_render_png_is_instance_method PASSED [ 21%]
tests/test_api_contracts.py::TestSceneMethodContracts::test_set_msaa_samples_is_instance_method PASSED [ 22%]
tests/test_api_contracts.py::TestSceneMethodContracts::test_set_camera_look_at_exists PASSED [ 22%]
tests/test_api_contracts.py::TestSceneMethodContracts::test_set_height_from_r32f_exists PASSED [ 23%]
tests/test_api_contracts.py::TestSceneMethodContracts::test_enable_oit_exists PASSED [ 23%]
tests/test_api_contracts.py::TestSceneMethodContracts::test_disable_oit_exists PASSED [ 24%]
tests/test_api_contracts.py::TestSceneMethodContracts::test_is_oit_enabled_exists PASSED [ 24%]
tests/test_api_contracts.py::TestSceneMethodContracts::test_get_oit_mode_exists PASSED [ 25%]
tests/test_api_contracts.py::TestSceneMethodContracts::test_ssao_enabled_exists PASSED [ 25%]
tests/test_api_contracts.py::TestSceneMethodContracts::test_set_ssao_enabled_exists PASSED [ 25%]
tests/test_api_contracts.py::TestSceneMethodContracts::test_set_ssao_parameters_exists PASSED [ 26%]
tests/test_api_contracts.py::TestSceneMethodContracts::test_enable_ibl_exists PASSED [ 26%]
tests/test_api_contracts.py::TestSceneMethodContracts::test_disable_ibl_exists PASSED [ 27%]
tests/test_api_contracts.py::TestSceneMethodContracts::test_enable_reflections_exists PASSED [ 27%]
tests/test_api_contracts.py::TestSceneMethodContracts::test_disable_reflections_exists PASSED [ 28%]
tests/test_api_contracts.py::TestSceneMethodContracts::test_enable_dof_exists PASSED [ 28%]
tests/test_api_contracts.py::TestSceneMethodContracts::test_disable_dof_exists PASSED [ 28%]
tests/test_api_contracts.py::TestSceneMethodContracts::test_enable_water_surface_exists PASSED [ 29%]
tests/test_api_contracts.py::TestSceneMethodContracts::test_enable_ground_plane_exists PASSED [ 29%]
tests/test_api_contracts.py::TestSceneMethodContracts::test_enable_cloud_shadows_exists PASSED [ 30%]
tests/test_api_contracts.py::TestSceneMethodContracts::test_enable_point_spot_lights_exists PASSED [ 30%]
tests/test_api_contracts.py::TestSceneMethodContracts::test_add_point_light_exists PASSED [ 31%]
tests/test_api_contracts.py::TestSceneMethodContracts::test_enable_text_meshes_exists PASSED [ 31%]
tests/test_api_contracts.py::TestSceneMethodContracts::test_get_stats_exists PASSED [ 31%]
tests/test_api_contracts.py::TestCameraAnimationTargetContract::test_camera_keyframe_constructible PASSED [ 32%]
tests/test_api_contracts.py::TestCameraAnimationTargetContract::test_camera_animation_target_round_trip PASSED [ 32%]
tests/test_api_contracts.py::TestCameraAnimationTargetContract::test_camera_animation_replace_and_clear PASSED [ 33%]
tests/test_api_contracts.py::TestSceneMethodCount::test_scene_has_minimum_method_count PASSED [ 33%]
tests/test_api_contracts.py::TestOrphanedClassesRegistered::test_frame_registered PASSED [ 34%]
tests/test_api_contracts.py::TestOrphanedClassesRegistered::test_hdr_frame_registered PASSED [ 34%]
tests/test_api_contracts.py::TestOrphanedClassesRegistered::test_sdf_primitive_registered PASSED [ 34%]
tests/test_api_contracts.py::TestOrphanedClassesRegistered::test_sdf_scene_registered PASSED [ 35%]
tests/test_api_contracts.py::TestOrphanedClassesRegistered::test_sdf_scene_builder_registered PASSED [ 35%]
tests/test_api_contracts.py::TestOrphanedClassesRegistered::test_sdf_scene_constructible PASSED [ 36%]
tests/test_api_contracts.py::TestOrphanedClassesRegistered::test_sdf_primitive_sphere_constructible PASSED [ 36%]
tests/test_api_contracts.py::TestOrphanedClassesRegistered::test_sdf_scene_builder_round_trip PASSED [ 37%]
tests/test_api_contracts.py::TestTbnFunctionsExported::test_mesh_generate_cube_tbn_registered PASSED [ 37%]
tests/test_api_contracts.py::TestTbnFunctionsExported::test_mesh_generate_plane_tbn_registered PASSED [ 37%]
tests/test_api_contracts.py::TestTbnFunctionsExported::test_cube_tbn_dict_keys PASSED [ 38%]
tests/test_api_contracts.py::TestTbnFunctionsExported::test_cube_tbn_vertex_count PASSED [ 38%]
tests/test_api_contracts.py::TestTbnFunctionsExported::test_cube_tbn_index_count PASSED [ 39%]
tests/test_api_contracts.py::TestTbnFunctionsExported::test_cube_tbn_data_count PASSED [ 39%]
tests/test_api_contracts.py::TestTbnFunctionsExported::test_cube_vertex_dict_structure PASSED [ 40%]
tests/test_api_contracts.py::TestTbnFunctionsExported::test_cube_tbn_dict_structure PASSED [ 40%]
tests/test_api_contracts.py::TestTbnFunctionsExported::test_plane_tbn_4x4_vertex_count PASSED [ 40%]
tests/test_api_contracts.py::TestTbnFunctionsExported::test_plane_tbn_4x4_index_count PASSED [ 41%]
tests/test_api_contracts.py::TestTbnFunctionsExported::test_plane_tbn_4x4_tbn_count PASSED [ 41%]
tests/test_api_contracts.py::TestTbnFunctionsExported::test_plane_tbn_rejects_small_dimensions PASSED [ 42%]
tests/test_api_contracts.py::TestTbnFunctionsExported::test_python_wrapper_uses_native_path PASSED [ 42%]
tests/test_api_contracts.py::TestTbnFunctionsExported::test_python_wrapper_plane_native_path PASSED [ 43%]
tests/test_api_contracts.py::TestPackageLevelApiContracts::test_package_exports_symbol[Scene] PASSED [ 43%]
tests/test_api_contracts.py::TestPackageLevelApiContracts::test_package_exports_symbol[Session] PASSED [ 43%]
tests/test_api_contracts.py::TestPackageLevelApiContracts::test_package_exports_symbol[TerrainRenderer] PASSED [ 44%]
tests/test_api_contracts.py::TestPackageLevelApiContracts::test_package_exports_symbol[TerrainRenderParams] PASSED [ 44%]
tests/test_api_contracts.py::TestPackageLevelApiContracts::test_package_exports_symbol[Colormap1D] PASSED [ 45%]
tests/test_api_contracts.py::TestPackageLevelApiContracts::test_package_exports_symbol[MaterialSet] PASSED [ 45%]
tests/test_api_contracts.py::TestPackageLevelApiContracts::test_package_exports_symbol[IBL] PASSED [ 46%]
tests/test_api_contracts.py::TestPackageLevelApiContracts::test_package_exports_symbol[OverlayLayer] PASSED [ 46%]
tests/test_api_contracts.py::TestPackageLevelApiContracts::test_package_exports_symbol[HdrFrame] PASSED [ 46%]
tests/test_api_contracts.py::TestPackageLevelApiContracts::test_package_exports_symbol[__version__] PASSED [ 47%]
tests/test_api_contracts.py::TestPackageLevelApiContracts::test_package_exports_symbol[has_gpu] PASSED [ 47%]
tests/test_api_contracts.py::TestPackageLevelApiContracts::test_package_exports_symbol[open_viewer] PASSED [ 48%]
tests/test_api_contracts.py::TestPackageLevelApiContracts::test_package_exports_symbol[open_viewer_async] PASSED [ 48%]
tests/test_api_contracts.py::TestPackageLevelApiContracts::test_package_exports_symbol[render_offscreen_rgba] PASSED [ 49%]
tests/test_api_contracts.py::TestPackageLevelApiContracts::test_package_exports_symbol[numpy_to_png] PASSED [ 49%]
tests/test_api_contracts.py::TestPackageLevelApiContracts::test_package_exports_symbol[png_to_numpy] PASSED [ 50%]
tests/test_api_contracts.py::TestPackageLevelApiContracts::test_package_exports_symbol[MapPlate] PASSED [ 50%]
tests/test_api_contracts.py::TestPackageLevelApiContracts::test_package_exports_symbol[Legend] PASSED [ 50%]
tests/test_api_contracts.py::TestPackageLevelApiContracts::test_package_exports_symbol[ScaleBar] PASSED [ 51%]
tests/test_api_contracts.py::TestPackageLevelApiContracts::test_package_exports_symbol[NorthArrow] PASSED [ 51%]
tests/test_api_contracts.py::TestPackageLevelApiContracts::test_package_exports_symbol[save_bundle] PASSED [ 52%]
tests/test_api_contracts.py::TestPackageLevelApiContracts::test_package_exports_symbol[load_bundle] PASSED [ 52%]
tests/test_api_contracts.py::TestPackageLevelApiContracts::test_package_exports_symbol[set_license_key] PASSED [ 53%]
tests/test_api_contracts.py::TestPackageLevelApiContracts::test_package_exports_symbol[LicenseError] PASSED [ 53%]
tests/test_api_contracts.py::TestPackageLevelApiContracts::test_package_exports_symbol[render_offline] PASSED [ 53%]
tests/test_api_contracts.py::TestPackageLevelApiContracts::test_package_exports_symbol[oidn_available] PASSED [ 54%]
tests/test_api_contracts.py::TestPackageLevelApiContracts::test_version_is_string PASSED [ 54%]
tests/test_api_contracts.py::TestPackageLevelApiContracts::test_has_gpu_returns_bool PASSED [ 55%]
tests/test_api_contracts.py::TestPackageLevelApiContracts::test_legacy_render_api_removed PASSED [ 55%]
tests/test_api_contracts.py::TestGeometryFunctionContracts::test_geometry_function_exists[geometry_generate_primitive_py] PASSED [ 56%]
tests/test_api_contracts.py::TestGeometryFunctionContracts::test_geometry_function_exists[geometry_generate_tangents_py] PASSED [ 56%]
tests/test_api_contracts.py::TestGeometryFunctionContracts::test_geometry_function_exists[geometry_weld_mesh_py] PASSED [ 56%]
tests/test_api_contracts.py::TestGeometryFunctionContracts::test_geometry_function_exists[geometry_subdivide_py] PASSED [ 57%]
tests/test_api_contracts.py::TestGeometryFunctionContracts::test_geometry_function_exists[geometry_validate_mesh_py] PASSED [ 57%]
tests/test_api_contracts.py::TestGeometryFunctionContracts::test_geometry_function_exists[geometry_displace_heightmap_py] PASSED [ 58%]
tests/test_api_contracts.py::TestGeometryFunctionContracts::test_geometry_function_exists[geometry_generate_tube_py] PASSED [ 58%]
tests/test_api_contracts.py::TestGeometryFunctionContracts::test_geometry_function_exists[geometry_generate_ribbon_py] PASSED [ 59%]
tests/test_api_contracts.py::TestGeometryFunctionContracts::test_geometry_function_exists[geometry_generate_thick_polyline_py] PASSED [ 59%]
tests/test_api_contracts.py::TestGeometryFunctionContracts::test_geometry_function_exists[geometry_extrude_polygon_py] PASSED [ 59%]
tests/test_api_contracts.py::TestGeometryFunctionContracts::test_geometry_function_exists[geometry_simplify_mesh_py] PASSED [ 60%]
tests/test_api_contracts.py::TestCameraFunctionContracts::test_camera_function_exists[camera_look_at] PASSED [ 60%]
tests/test_api_contracts.py::TestCameraFunctionContracts::test_camera_function_exists[camera_perspective] PASSED [ 61%]
tests/test_api_contracts.py::TestCameraFunctionContracts::test_camera_function_exists[camera_orthographic] PASSED [ 61%]
tests/test_api_contracts.py::TestCameraFunctionContracts::test_camera_function_exists[camera_view_proj] PASSED [ 62%]
tests/test_api_contracts.py::TestCameraFunctionContracts::test_camera_function_exists[camera_dof_params] PASSED [ 62%]
tests/test_api_contracts.py::TestIoFunctionContracts::test_io_function_exists[io_import_obj_py] PASSED [ 62%]
tests/test_api_contracts.py::TestIoFunctionContracts::test_io_function_exists[io_export_obj_py] PASSED [ 63%]
tests/test_api_contracts.py::TestIoFunctionContracts::test_io_function_exists[io_export_stl_py] PASSED [ 63%]
tests/test_api_contracts.py::TestIoFunctionContracts::test_io_function_exists[io_import_gltf_py] PASSED [ 64%]
tests/test_api_contracts.py::TestTransformFunctionContracts::test_transform_function_exists[translate] PASSED [ 64%]
tests/test_api_contracts.py::TestTransformFunctionContracts::test_transform_function_exists[rotate_x] PASSED [ 65%]
tests/test_api_contracts.py::TestTransformFunctionContracts::test_transform_function_exists[rotate_y] PASSED [ 65%]
tests/test_api_contracts.py::TestTransformFunctionContracts::test_transform_function_exists[rotate_z] PASSED [ 65%]
tests/test_api_contracts.py::TestTransformFunctionContracts::test_transform_function_exists[scale] PASSED [ 66%]
tests/test_api_contracts.py::TestNativeModuleSymbolCount::test_native_module_has_minimum_symbols PASSED [ 66%]
tests/test_api_contracts.py::TestOffscreenRenderRouting::test_native_scene_detected_correctly PASSED [ 67%]
tests/test_api_contracts.py::TestOffscreenRenderRouting::test_non_native_scene_rejected PASSED [ 67%]
tests/test_api_contracts.py::TestOffscreenRenderRouting::test_fallback_used_when_no_scene PASSED [ 68%]
tests/test_api_contracts.py::TestOffscreenRenderRouting::test_fallback_used_for_non_native_scene PASSED [ 68%]
tests/test_api_contracts.py::TestOffscreenRenderRouting::test_render_rgba_is_instance_method_not_module_function PASSED [ 68%]
tests/test_api_contracts.py::TestMsaaSetterRouting::test_set_msaa_samples_not_on_module PASSED [ 69%]
tests/test_api_contracts.py::TestMsaaSetterRouting::test_set_msaa_samples_on_scene_class PASSED [ 69%]
tests/test_api_contracts.py::TestMsaaSetterRouting::test_viewer_set_msaa_validates_samples PASSED [ 70%]
tests/test_api_contracts.py::TestMsaaSetterRouting::test_viewer_set_msaa_accepts_valid_samples PASSED [ 70%]
tests/test_api_contracts.py::TestSsgiSsrSettingsWiring::test_ssgi_settings_defaults PASSED [ 71%]
tests/test_api_contracts.py::TestSsgiSsrSettingsWiring::test_ssgi_settings_custom_values_differ PASSED [ 71%]
tests/test_api_contracts.py::TestSsgiSsrSettingsWiring::test_ssgi_settings_all_fields_accessible PASSED [ 71%]
tests/test_api_contracts.py::TestSsgiSsrSettingsWiring::test_ssr_settings_defaults PASSED [ 72%]
tests/test_api_contracts.py::TestSsgiSsrSettingsWiring::test_ssr_settings_custom_values_differ PASSED [ 72%]
tests/test_api_contracts.py::TestSsgiSsrSettingsWiring::test_ssr_settings_all_fields_accessible PASSED [ 73%]
tests/test_api_contracts.py::TestSsgiSsrSettingsWiring::test_scene_has_ssgi_methods PASSED [ 73%]
tests/test_api_contracts.py::TestSsgiSsrSettingsWiring::test_scene_has_ssr_methods PASSED [ 74%]
tests/test_api_contracts.py::TestBloomSettingsWiring::test_scene_has_bloom_methods PASSED [ 74%]
tests/test_api_contracts.py::TestBloomSettingsWiring::test_bloom_settings_default_disabled PASSED [ 75%]
tests/test_api_contracts.py::TestBloomSettingsWiring::test_bloom_settings_enabled_custom PASSED [ 75%]
tests/test_api_contracts.py::TestBloomSettingsWiring::test_bloom_settings_rejects_negative_threshold PASSED [ 75%]
tests/test_api_contracts.py::TestBloomSettingsWiring::test_bloom_settings_rejects_invalid_softness PASSED [ 76%]
tests/test_api_contracts.py::TestBloomSettingsWiring::test_bloom_settings_rejects_negative_intensity PASSED [ 76%]
tests/test_api_contracts.py::TestBloomSettingsWiring::test_bloom_settings_rejects_zero_radius PASSED [ 77%]
tests/test_api_contracts.py::TestBloomSettingsWiring::test_bloom_in_terrain_params PASSED [ 77%]
tests/test_api_contracts.py::TestTerrainAnalysisApi::test_terrain_spike_analysis_methods_exist_on_class PASSED [ 78%]
tests/test_api_contracts.py::TestTerrainAnalysisApi::test_slope_flat_surface SKIPPED [ 78%]
tests/test_api_contracts.py::TestTerrainAnalysisApi::test_slope_east_ramp SKIPPED [ 78%]
tests/test_api_contracts.py::TestTerrainAnalysisApi::test_slope_rejects_wrong_size SKIPPED [ 79%]
tests/test_api_contracts.py::TestTerrainAnalysisApi::test_slope_rejects_small_grid SKIPPED [ 79%]
tests/test_api_contracts.py::TestTerrainAnalysisApi::test_contour_gaussian SKIPPED [ 80%]
tests/test_api_contracts.py::TestTerrainAnalysisApi::test_contour_rejects_empty_levels SKIPPED [ 80%]
tests/test_api_contracts.py::TestTerrainAnalysisApi::test_contour_no_crossing SKIPPED [ 81%]
tests/test_api_contracts.py::TestTerrainAnalysisApi::test_no_module_level_slope_function PASSED [ 81%]
tests/test_api_contracts.py::TestPointCloudBuffer::test_point_buffer_registered PASSED [ 81%]
tests/test_api_contracts.py::TestPointCloudBuffer::test_create_gpu_buffer_empty PASSED [ 82%]
tests/test_api_contracts.py::TestPointCloudBuffer::test_create_gpu_buffer_positions_only PASSED [ 82%]
tests/test_api_contracts.py::TestPointCloudBuffer::test_create_gpu_buffer_with_colors PASSED [ 83%]
tests/test_api_contracts.py::TestPointCloudBuffer::test_gpu_byte_size PASSED [ 83%]
tests/test_api_contracts.py::TestPointCloudBuffer::test_create_viewer_gpu_buffer_empty PASSED [ 84%]
tests/test_api_contracts.py::TestPointCloudBuffer::test_create_viewer_gpu_buffer_layout PASSED [ 84%]
tests/test_api_contracts.py::TestPointCloudBuffer::test_create_viewer_gpu_buffer_with_colors PASSED [ 84%]
tests/test_api_contracts.py::TestPointCloudBuffer::test_viewer_buffer_byte_count PASSED [ 85%]
tests/test_api_contracts.py::TestPointCloudBuffer::test_validation_bad_positions PASSED [ 85%]
tests/test_api_contracts.py::TestPointCloudBuffer::test_validation_bad_colors PASSED [ 86%]
tests/test_api_contracts.py::TestPointCloudBuffer::test_point_count PASSED [ 86%]
tests/test_api_contracts.py::TestPointCloudBuffer::test_repr PASSED      [ 87%]
tests/test_api_contracts.py::TestPointCloudBuffer::test_cpu_fallback_intact PASSED [ 87%]
tests/test_api_contracts.py::TestPointCloudBuffer::test_fixture_exists PASSED [ 87%]
tests/test_api_contracts.py::TestCopcLazDecompression::test_copc_laz_enabled_function_exists PASSED [ 88%]
tests/test_api_contracts.py::TestCopcLazDecompression::test_copc_laz_feature_flag_is_boolean PASSED [ 88%]
tests/test_api_contracts.py::TestCopcLazDecompression::test_read_laz_points_info_function_exists PASSED [ 89%]
tests/test_api_contracts.py::TestCopcLazDecompression::test_fixture_exists PASSED [ 89%]
tests/test_api_contracts.py::TestCopcLazDecompression::test_read_laz_returns_tuple PASSED [ 90%]
tests/test_api_contracts.py::TestCopcLazDecompression::test_decoded_point_count PASSED [ 90%]
tests/test_api_contracts.py::TestCopcLazDecompression::test_sample_coordinates_valid PASSED [ 90%]
tests/test_api_contracts.py::TestCopcLazDecompression::test_sample_coordinates_in_expected_range PASSED [ 91%]
tests/test_api_contracts.py::TestCopcLazDecompression::test_multiple_points_decoded PASSED [ 91%]
tests/test_api_contracts.py::TestCopcLazDecompression::test_read_laz_nonexistent_file_raises PASSED [ 92%]
tests/test_api_contracts.py::TestCopcLazDecompression::test_read_laz_invalid_file_raises PASSED [ 92%]
tests/test_api_contracts.py::TestLabelBindings::test_label_style_registered PASSED [ 93%]
tests/test_api_contracts.py::TestLabelBindings::test_label_flags_registered PASSED [ 93%]
tests/test_api_contracts.py::TestLabelBindings::test_label_style_defaults PASSED [ 93%]
tests/test_api_contracts.py::TestLabelBindings::test_label_flags_defaults PASSED [ 94%]
tests/test_api_contracts.py::TestLabelBindings::test_label_style_set_fields PASSED [ 94%]
tests/test_api_contracts.py::TestLabelBindings::test_label_flags_set PASSED [ 95%]
tests/test_api_contracts.py::TestLabelBindings::test_label_style_color_tuple PASSED [ 95%]
tests/test_api_contracts.py::TestLabelBindings::test_label_style_repr PASSED [ 96%]
tests/test_api_contracts.py::TestLabelBindings::test_label_style_from_kwargs PASSED [ 96%]
tests/test_api_contracts.py::test_offscreen_prefers_scene_method PASSED  [ 96%]
tests/test_api_contracts.py::test_offscreen_fallback_without_scene PASSED [ 97%]
tests/test_api_contracts.py::test_viewer_set_msaa_no_module_level_native_dependency PASSED [ 97%]
tests/test_api_contracts.py::test_frame_importable PASSED                [ 98%]
tests/test_api_contracts.py::test_sdf_classes_importable PASSED          [ 98%]
tests/test_api_contracts.py::test_mesh_tbn_native_exports PASSED         [ 99%]
tests/test_api_contracts.py::test_mesh_tbn_native_shape_contract PASSED  [ 99%]
tests/test_api_contracts.py::test_scene_stub_matches_runtime PASSED      [100%]

======================= 225 passed, 7 skipped in 0.38s ========================
